<?xml version="1.0" encoding="UTF-8"?>
<!-- Generated by org.testng.reporters.JUnitXMLReporter -->
<testsuite ignored="2" hostname="Siku" failures="0" tests="1" name="Default test" time="4.139" errors="0" timestamp="2026-06-27T12:17:01 IST">
  <testcase classname="day4.FileUploadAndDownload" name="downloadFile" time="4.048"/>
  <testcase classname="day4.FileUploadAndDownload" name="singleFileUpload" time="0.0">
    <ignored/>
  </testcase> <!-- singleFileUpload -->
  <testcase classname="day4.FileUploadAndDownload" name="multipleFileUpload" time="0.0">
    <ignored/>
  </testcase> <!-- multipleFileUpload -->
</testsuite> <!-- Default test -->
