<?xml version="1.0" encoding="UTF-8"?>
<!-- Generated by org.testng.reporters.JUnitXMLReporter -->
<testsuite ignored="2" hostname="Siku" failures="0" tests="3" name="Default test" time="15.853" errors="0" timestamp="2026-06-07T13:16:04 IST">
  <testcase classname="day1.HTTPMethods" name="createUser1" time="12.4"/>
  <testcase classname="day1.HTTPMethods" name="updateUser" time="0.933"/>
  <testcase classname="day1.HTTPMethods" name="deleteUser" time="2.361"/>
  <testcase classname="day1.HTTPMethods" name="createUser" time="0.0">
    <ignored/>
  </testcase> <!-- createUser -->
  <testcase classname="day1.HTTPMethods" name="getUser" time="0.0">
    <ignored/>
  </testcase> <!-- getUser -->
</testsuite> <!-- Default test -->
