<?xml version="1.0" encoding="UTF-8"?>
<testng-results ignored="0" total="2" passed="2" failed="0" skipped="0">
  <reporter-output>
  </reporter-output>
  <suite started-at="2026-06-28T13:13:59 IST" name="Default suite" finished-at="2026-06-28T13:14:05 IST" duration-ms="5563">
    <groups>
    </groups>
    <test started-at="2026-06-28T13:13:59 IST" name="Default test" finished-at="2026-06-28T13:14:05 IST" duration-ms="5563">
      <class name="day6.Lab_ParsingJSONResponse">
        <test-method signature="testSimpleJsonParsing()[pri:1, instance:day6.Lab_ParsingJSONResponse@4f83df68]" started-at="2026-06-28T13:14:00 IST" name="testSimpleJsonParsing" finished-at="2026-06-28T13:14:04 IST" duration-ms="4595" status="PASS">
          <reporter-output>
          </reporter-output>
        </test-method> <!-- testSimpleJsonParsing -->
        <test-method signature="testNestedJsonParsing()[pri:2, instance:day6.Lab_ParsingJSONResponse@4f83df68]" started-at="2026-06-28T13:14:04 IST" name="testNestedJsonParsing" finished-at="2026-06-28T13:14:05 IST" duration-ms="673" status="PASS">
          <reporter-output>
          </reporter-output>
        </test-method> <!-- testNestedJsonParsing -->
      </class> <!-- day6.Lab_ParsingJSONResponse -->
    </test> <!-- Default test -->
  </suite> <!-- Default suite -->
</testng-results>
