<?xml version="1.0" encoding="UTF-8"?>
<!-- Generated by org.testng.reporters.JUnitReportReporter -->
<testsuite hostname="Siku" failures="0" tests="3" name="day1.HTTPMethods" time="15.694" errors="0" timestamp="2026-06-07T13:16:04 IST" skipped="0">
  <testcase classname="day1.HTTPMethods" name="createUser1" time="12.400"/>
  <testcase classname="day1.HTTPMethods" name="updateUser" time="0.933"/>
  <testcase classname="day1.HTTPMethods" name="deleteUser" time="2.361"/>
</testsuite> <!-- day1.HTTPMethods -->
