<?xml version="1.0" encoding="UTF-8"?>
<!-- Generated by org.testng.reporters.JUnitReportReporter -->
<testsuite hostname="Siku" failures="0" tests="2" name="day6.Lab_ParsingJSONResponse" time="5.268" errors="0" timestamp="2026-06-28T13:14:06 IST" skipped="0">
  <testcase classname="day6.Lab_ParsingJSONResponse" name="testSimpleJsonParsing" time="4.595"/>
  <testcase classname="day6.Lab_ParsingJSONResponse" name="testNestedJsonParsing" time="0.673"/>
</testsuite> <!-- day6.Lab_ParsingJSONResponse -->
