<?xml version="1.0" encoding="UTF-8"?>
<!-- Generated by org.testng.reporters.JUnitReportReporter -->
<testsuite hostname="Siku" failures="0" tests="3" name="day5.ParseComplexJsonResponse" time="4.531" errors="0" timestamp="2026-06-27T17:49:29 IST" skipped="0">
  <testcase classname="day5.ParseComplexJsonResponse" name="userDetailsValidation" time="3.934"/>
  <testcase classname="day5.ParseComplexJsonResponse" name="testRecentOrdersValidation" time="0.433"/>
  <testcase classname="day5.ParseComplexJsonResponse" name="testPreferencesAndMetadataValidation" time="0.164"/>
</testsuite> <!-- day5.ParseComplexJsonResponse -->
